[35m[Appium][39m Welcome to Appium v1.22.3
[35m[Appium][39m Non-default server args:
[35m[Appium][39m   port: 51085
[35m[Appium][39m   loglevel: info
[35m[Appium][39m   tmpDir: C:\Users\Van Nguyen\AppData\Local\Temp\\Katalon\Appium\Temp1677715164280
[35m[Appium][39m   chromedriverPort: 51086
[35m[Appium][39m Deprecated server args:
[35m[Appium][39m   [31m--chromedriver-port[39m => --default-capabilities
[35m[Appium][39m Default capabilities, which will be added to each request unless overridden by desired capabilities:
[35m[Appium][39m   chromedriverPort: 51086
[35m[Appium][39m Appium REST http interface listener started on 0.0.0.0:51085
[35m[HTTP][39m [37m-->[39m [37mGET[39m [37m/wd/hub/status[39m
[35m[HTTP][39m [90m{}[39m
[35m[HTTP][39m [37m<-- GET /wd/hub/status [39m[32m200[39m [90m6 ms - 68[39m
[35m[HTTP][39m [90m[39m
[35m[HTTP][39m [37m-->[39m [37mGET[39m [37m/wd/hub/status[39m
[35m[HTTP][39m [90m{}[39m
[35m[HTTP][39m [37m<-- GET /wd/hub/status [39m[32m200[39m [90m2 ms - 68[39m
[35m[HTTP][39m [90m[39m
[35m[HTTP][39m [37m-->[39m [37mPOST[39m [37m/wd/hub/session[39m
[35m[HTTP][39m [90m{"desiredCapabilities":{"appActivity":".Settings","appPackage":"com.android.settings","newCommandTimeout":1800,"platformVersion":"12","automationName":"uiautomator2","autoGrantPermissions":true,"platformName":"Android","udid":"RF8M74FW51P","deviceName":"samsung SM-N975U1 (Android 12)","platform":"ANDROID","systemPort":8218},"capabilities":{"firstMatch":[{"appium:appActivity":".Settings","appium:appPackage":"com.android.settings","appium:autoGrantPermissions":true,"appium:automationName":"uiautomator2","appium:deviceName":"samsung SM-N975U1 (Android 12)","appium:newCommandTimeout":1800,"platform":"ANDROID","platformName":"android","appium:platformVersion":"12","appium:systemPort":8218,"appium:udid":"RF8M74FW51P"}]}}[39m
[35m[BaseDriver][39m The following capabilities are not standard capabilities and should have an extension prefix:
[35m[BaseDriver][39m   platform
[35m[BaseDriver][39m   chromedriverPort
[35m[Appium][39m Appium v1.22.3 creating new AndroidUiautomator2Driver (v1.70.1) session
[35m[BaseDriver][39m The following capabilities were provided, but are not recognized by Appium:
[35m[BaseDriver][39m   platform
[35m[BaseDriver][39m Session created with session id: 1fd3351c-576f-4a35-9520-5a8cae72a19b
[35m[UiAutomator2][39m Starting 'com.android.settings' directly on the device
[35m[ADB][39m Found 1 'build-tools' folders under 'C:\Users\Van Nguyen\AppData\Local\Android\Sdk\cmdline-tools\8.0' (newest first):
[35m[ADB][39m     C:/Users/Van Nguyen/AppData/Local/Android/Sdk/cmdline-tools/8.0/build-tools/29.0.3
[35m[ADB][39m Using 'adb.exe' from 'C:\Users\Van Nguyen\AppData\Local\Android\Sdk\cmdline-tools\8.0\platform-tools\adb.exe'
[35m[AndroidDriver][39m Retrieving device list
[35m[AndroidDriver][39m Using device: RF8M74FW51P
[35m[ADB][39m Using 'adb.exe' from 'C:\Users\Van Nguyen\AppData\Local\Android\Sdk\cmdline-tools\8.0\platform-tools\adb.exe'
[35m[ADB][39m Getting device platform version
[35m[UiAutomator2][39m Relaxing hidden api policy
[35m[AndroidDriver][39m No app sent in, not parsing package/activity
[35m[ADB][39m Using 'apksigner.jar' from 'C:\Users\Van Nguyen\AppData\Local\Android\Sdk\cmdline-tools\8.0\build-tools\29.0.3\lib\apksigner.jar'
[35m[ADB][39m 'C:\Users\Van Nguyen\AppData\Roaming\npm\node_modules\appium\node_modules\appium-uiautomator2-server\apks\appium-uiautomator2-server-v4.27.0.apk' is signed with the default certificate
[35m[ADB][39m 'C:\Users\Van Nguyen\AppData\Roaming\npm\node_modules\appium\node_modules\appium-uiautomator2-server\apks\appium-uiautomator2-server-debug-androidTest.apk' is signed with the default certificate
[35m[UiAutomator2][39m Server packages are not going to be (re)installed
[35m[ADB][39m Adding packages ["io.appium.settings","io.appium.uiautomator2.server","io.appium.uiautomator2.server.test"] to Doze whitelist
[35m[ADB][39m com.android.settings contains no permissions available for granting
[35m[UiAutomator2][39m Starting UIAutomator2 server 4.27.0
[35m[UiAutomator2][39m Using UIAutomator2 server from 'C:\Users\Van Nguyen\AppData\Roaming\npm\node_modules\appium\node_modules\appium-uiautomator2-server\apks\appium-uiautomator2-server-v4.27.0.apk' and test from 'C:\Users\Van Nguyen\AppData\Roaming\npm\node_modules\appium\node_modules\appium-uiautomator2-server\apks\appium-uiautomator2-server-debug-androidTest.apk'
[35m[UiAutomator2][39m Waiting up to 30000ms for UiAutomator2 to be online...
[35m[WD Proxy][39m socket hang up
[35m[WD Proxy][39m socket hang up
[35m[WD Proxy][39m Determined the downstream protocol as 'W3C'
[35m[AndroidDriver][39m Screen already unlocked, doing nothing
[35m[UiAutomator2][39m Starting 'com.android.settings/.Settings and waiting for 'com.android.settings/.Settings'
[35m[Appium][39m New AndroidUiautomator2Driver session created successfully, session 1fd3351c-576f-4a35-9520-5a8cae72a19b added to master session list
[35m[HTTP][39m [37m<-- POST /wd/hub/session [39m[32m200[39m [90m7713 ms - 1160[39m
[35m[HTTP][39m [90m[39m
[35m[HTTP][39m [37m-->[39m [37mGET[39m [37m/wd/hub/session/1fd3351c-576f-4a35-9520-5a8cae72a19b[39m
[35m[HTTP][39m [90m{}[39m
[35m[HTTP][39m [37m<-- GET /wd/hub/session/1fd3351c-576f-4a35-9520-5a8cae72a19b [39m[32m200[39m [90m29 ms - 1114[39m
[35m[HTTP][39m [90m[39m
[35m[HTTP][39m [37m-->[39m [37mGET[39m [37m/wd/hub/session/1fd3351c-576f-4a35-9520-5a8cae72a19b[39m
[35m[HTTP][39m [90m{}[39m
[35m[HTTP][39m [37m<-- GET /wd/hub/session/1fd3351c-576f-4a35-9520-5a8cae72a19b [39m[32m200[39m [90m9 ms - 1114[39m
[35m[HTTP][39m [90m[39m
[35m[HTTP][39m [37m-->[39m [37mGET[39m [37m/wd/hub/status[39m
[35m[HTTP][39m [90m{}[39m
[35m[HTTP][39m [37m<-- GET /wd/hub/status [39m[32m200[39m [90m1 ms - 68[39m
[35m[HTTP][39m [90m[39m
[35m[HTTP][39m [37m-->[39m [37mPOST[39m [37m/wd/hub/session/1fd3351c-576f-4a35-9520-5a8cae72a19b/timeouts[39m
[35m[HTTP][39m [90m{"implicit":60000}[39m
[35m[HTTP][39m [37m<-- POST /wd/hub/session/1fd3351c-576f-4a35-9520-5a8cae72a19b/timeouts [39m[32m200[39m [90m3 ms - 14[39m
[35m[HTTP][39m [90m[39m
[35m[HTTP][39m [37m-->[39m [37mGET[39m [37m/wd/hub/session/1fd3351c-576f-4a35-9520-5a8cae72a19b/screenshot[39m
[35m[HTTP][39m [90m{}[39m
[35m[HTTP][39m [37m<-- GET /wd/hub/session/1fd3351c-576f-4a35-9520-5a8cae72a19b/screenshot [39m[32m200[39m [90m420 ms - 201816[39m
[35m[HTTP][39m [90m[39m
[35m[HTTP][39m [37m-->[39m [37mGET[39m [37m/wd/hub/session/1fd3351c-576f-4a35-9520-5a8cae72a19b/window/rect[39m
[35m[HTTP][39m [90m{}[39m
[35m[HTTP][39m [37m<-- GET /wd/hub/session/1fd3351c-576f-4a35-9520-5a8cae72a19b/window/rect [39m[32m200[39m [90m18 ms - 50[39m
[35m[HTTP][39m [90m[39m
[35m[HTTP][39m [37m-->[39m [37mGET[39m [37m/wd/hub/session/1fd3351c-576f-4a35-9520-5a8cae72a19b/appium/device/system_bars[39m
[35m[HTTP][39m [90m{}[39m
[35m[HTTP][39m [37m<-- GET /wd/hub/session/1fd3351c-576f-4a35-9520-5a8cae72a19b/appium/device/system_bars [39m[32m200[39m [90m100 ms - 145[39m
[35m[HTTP][39m [90m[39m
[35m[HTTP][39m [37m-->[39m [37mPOST[39m [37m/wd/hub/session/1fd3351c-576f-4a35-9520-5a8cae72a19b/appium/device/activate_app[39m
[35m[HTTP][39m [90m{"bundleId":"com.bondex.origin"}[39m
[35m[HTTP][39m [37m<-- POST /wd/hub/session/1fd3351c-576f-4a35-9520-5a8cae72a19b/appium/device/activate_app [39m[32m200[39m [90m427 ms - 14[39m
[35m[HTTP][39m [90m[39m
[35m[HTTP][39m [37m-->[39m [37mGET[39m [37m/wd/hub/session/1fd3351c-576f-4a35-9520-5a8cae72a19b/source[39m
[35m[HTTP][39m [90m{}[39m
[35m[W3C (1fd3351c)][39m Driver proxy active, passing request on via HTTP proxy
[35m[WD Proxy][39m Replacing sessionId d025f418-f2c7-417f-af5e-894810a8870d with 1fd3351c-576f-4a35-9520-5a8cae72a19b
[35m[HTTP][39m [37m<-- GET /wd/hub/session/1fd3351c-576f-4a35-9520-5a8cae72a19b/source [39m[32m200[39m [90m898 ms - 3563[39m
[35m[HTTP][39m [90m[39m
[35m[HTTP][39m [37m-->[39m [37mGET[39m [37m/wd/hub/session/1fd3351c-576f-4a35-9520-5a8cae72a19b/screenshot[39m
[35m[HTTP][39m [90m{}[39m
[35m[HTTP][39m [37m<-- GET /wd/hub/session/1fd3351c-576f-4a35-9520-5a8cae72a19b/screenshot [39m[32m200[39m [90m523 ms - 20978[39m
[35m[HTTP][39m [90m[39m
[35m[HTTP][39m [37m-->[39m [37mDELETE[39m [37m/wd/hub/session/1fd3351c-576f-4a35-9520-5a8cae72a19b[39m
[35m[HTTP][39m [90m{}[39m
[35m[Appium][39m Removing session 1fd3351c-576f-4a35-9520-5a8cae72a19b from our master session list
[35m[UiAutomator2][39m Restoring hidden api policy to the device default configuration
[35m[HTTP][39m [37m<-- DELETE /wd/hub/session/1fd3351c-576f-4a35-9520-5a8cae72a19b [39m[32m200[39m [90m597 ms - 14[39m
[35m[HTTP][39m [90m[39m
